
The following have been reloaded with a version change:
  1) compiler/GCCcore/7.3.0 => compiler/GCCcore/6.3.0
  2) devel/SQLite/3.24.0-GCCcore-7.3.0 => devel/SQLite/3.27.2-GCCcore-6.3.0
  3) devel/ncurses/6.1-GCCcore-7.3.0 => devel/ncurses/6.0-GCCcore-6.3.0
  4) lang/Python/2.7.15-foss-2018b => lang/Python/3.7.2-intel-2018.5.274
  5) lang/Tcl/8.6.8-GCCcore-7.3.0 => lang/Tcl/8.6.9-GCCcore-6.3.0
  6) lib/libffi/3.2.1-GCCcore-7.3.0 => lib/libffi/3.2.1-GCCcore-6.3.0
  7) lib/libreadline/7.0-GCCcore-7.3.0 => lib/libreadline/7.0-GCCcore-6.3.0
  8) lib/zlib/1.2.11-GCCcore-7.3.0 => lib/zlib/1.2.11-GCCcore-6.3.0
  9) math/GMP/6.1.2-GCCcore-7.3.0 => math/GMP/6.1.2-GCCcore-6.3.0
 10) tools/XZ/5.2.4-GCCcore-7.3.0 => tools/XZ/5.2.4-GCCcore-6.3.0
 11) tools/binutils/2.30-GCCcore-7.3.0 => tools/binutils/2.26-GCCcore-6.3.0
 12) tools/bzip2/1.0.6-GCCcore-7.3.0 => tools/bzip2/1.0.6

dm_j_factor.py:216: RuntimeWarning: More than 20 figures have been opened. Figures created through the pyplot interface (`matplotlib.pyplot.figure`) are retained until explicitly closed and may consume too much memory. (To control this warning, see the rcParam `figure.max_open_warning`).
  fig, ax = plt.subplots()
dm_j_factor.py:228: RuntimeWarning: More than 20 figures have been opened. Figures created through the pyplot interface (`matplotlib.pyplot.figure`) are retained until explicitly closed and may consume too much memory. (To control this warning, see the rcParam `figure.max_open_warning`).
  fig, (ax, ax2, ax3) = plt.subplots(nrows=3, sharex=True)
dm_j_factor.py:349: RuntimeWarning: More than 20 figures have been opened. Figures created through the pyplot interface (`matplotlib.pyplot.figure`) are retained until explicitly closed and may consume too much memory. (To control this warning, see the rcParam `figure.max_open_warning`).
  fig, (ax, ax2) = plt.subplots(nrows=2, sharex=True, gridspec_kw=gridspec_kw)
dm_j_factor.py:442: RuntimeWarning: More than 20 figures have been opened. Figures created through the pyplot interface (`matplotlib.pyplot.figure`) are retained until explicitly closed and may consume too much memory. (To control this warning, see the rcParam `figure.max_open_warning`).
  fig, (ax, ax2) = plt.subplots(nrows=2, sharex=True, gridspec_kw=gridspec_kw)
dm_j_factor.py:103: RuntimeWarning: More than 20 figures have been opened. Figures created through the pyplot interface (`matplotlib.pyplot.figure`) are retained until explicitly closed and may consume too much memory. (To control this warning, see the rcParam `figure.max_open_warning`).
  fig, (ax, ax2) = plt.subplots(nrows=2, sharex=True, gridspec_kw=gridspec_kw)
dm_j_factor.py:199: RuntimeWarning: More than 20 figures have been opened. Figures created through the pyplot interface (`matplotlib.pyplot.figure`) are retained until explicitly closed and may consume too much memory. (To control this warning, see the rcParam `figure.max_open_warning`).
  fig, (ax, ax1) = plt.subplots(nrows=2, gridspec_kw=gridspec_kw)
dm_j_factor.py:216: RuntimeWarning: More than 20 figures have been opened. Figures created through the pyplot interface (`matplotlib.pyplot.figure`) are retained until explicitly closed and may consume too much memory. (To control this warning, see the rcParam `figure.max_open_warning`).
  fig, ax = plt.subplots()
dm_j_factor.py:228: RuntimeWarning: More than 20 figures have been opened. Figures created through the pyplot interface (`matplotlib.pyplot.figure`) are retained until explicitly closed and may consume too much memory. (To control this warning, see the rcParam `figure.max_open_warning`).
  fig, (ax, ax2, ax3) = plt.subplots(nrows=3, sharex=True)
dm_j_factor.py:349: RuntimeWarning: More than 20 figures have been opened. Figures created through the pyplot interface (`matplotlib.pyplot.figure`) are retained until explicitly closed and may consume too much memory. (To control this warning, see the rcParam `figure.max_open_warning`).
  fig, (ax, ax2) = plt.subplots(nrows=2, sharex=True, gridspec_kw=gridspec_kw)
dm_j_factor.py:442: RuntimeWarning: More than 20 figures have been opened. Figures created through the pyplot interface (`matplotlib.pyplot.figure`) are retained until explicitly closed and may consume too much memory. (To control this warning, see the rcParam `figure.max_open_warning`).
  fig, (ax, ax2) = plt.subplots(nrows=2, sharex=True, gridspec_kw=gridspec_kw)
